<?xml version="1.0" encoding="UTF-8"?>
<testsuite xmlns:xsi="http://www.w3.org/2001/XMLSchema-instance" xsi:noNamespaceSchemaLocation="https://maven.apache.org/surefire/maven-failsafe-plugin/xsd/failsafe-test-report.xsd" name="com.bottega.ser.GoogleE2ETest" time="1.02" tests="1" errors="1" skipped="0" failures="0">
  <properties>
    <property name="java.runtime.name" value="Java(TM) SE Runtime Environment"/>
    <property name="sun.boot.library.path" value="C:\Program Files\Java\jdk1.8.0_101\jre\bin"/>
    <property name="java.vm.version" value="25.101-b13"/>
    <property name="java.vm.vendor" value="Oracle Corporation"/>
    <property name="maven.multiModuleProjectDirectory" value="C:\Users\sg0949440\Documents\sere2e"/>
    <property name="java.vendor.url" value="http://java.oracle.com/"/>
    <property name="path.separator" value=";"/>
    <property name="guice.disable.misplaced.annotation.check" value="true"/>
    <property name="java.vm.name" value="Java HotSpot(TM) 64-Bit Server VM"/>
    <property name="file.encoding.pkg" value="sun.io"/>
    <property name="user.script" value=""/>
    <property name="user.country" value="US"/>
    <property name="sun.java.launcher" value="SUN_STANDARD"/>
    <property name="sun.os.patch.level" value="Service Pack 1"/>
    <property name="java.vm.specification.name" value="Java Virtual Machine Specification"/>
    <property name="user.dir" value="C:\Users\sg0949440\Documents\sere2e"/>
    <property name="java.runtime.version" value="1.8.0_101-b13"/>
    <property name="java.awt.graphicsenv" value="sun.awt.Win32GraphicsEnvironment"/>
    <property name="java.endorsed.dirs" value="C:\Program Files\Java\jdk1.8.0_101\jre\lib\endorsed"/>
    <property name="os.arch" value="amd64"/>
    <property name="java.io.tmpdir" value="C:\Users\sg0949440\AppData\Local\Temp\"/>
    <property name="line.separator" value="&#10;"/>
    <property name="java.vm.specification.vendor" value="Oracle Corporation"/>
    <property name="user.variant" value=""/>
    <property name="os.name" value="Windows 7"/>
    <property name="classworlds.conf" value="C:\Program Files\apache-maven-3.3.3\bin\..\bin\m2.conf"/>
    <property name="sun.jnu.encoding" value="Cp1252"/>
    <property name="java.library.path" value="C:\Program Files\Java\jdk1.8.0_101\bin;C:\WINDOWS\Sun\Java\bin;C:\WINDOWS\system32;C:\WINDOWS;C:\ProgramData\Oracle\Java\javapath;C:\Program Files (x86)\Intel\iCLS Client\;C:\Program Files\Intel\iCLS Client\;C:\Program Files\Common Files\Microsoft Shared\Microsoft Online Services;C:\Program Files (x86)\Common Files\Microsoft Shared\Microsoft Online Services;C:\WINDOWS\system32;C:\WINDOWS;C:\WINDOWS\System32\Wbem;C:\WINDOWS\System32\WindowsPowerShell\v1.0\;C:\windows\CCM;C:\Program Files (x86)\AMD\ATI.ACE\Core-Static;C:\Program Files\Intel\WiFi\bin\;C:\Program Files\Common Files\Intel\WirelessCommon\;C:\Program Files\apache-maven-3.3.3\bin;C:\Program Files (x86)\GitExtensions\;%APPIUM_HOME%;9.c:\adt-bundle-windows-x86_64-20140702\sdk\platform-tools ;C:\xampp\php;C:\ProgramData\ComposerSetup\bin;C:\Program Files (x86)\Sennheiser\SoftphoneSDK\;C:\Program Files\TortoiseSVN\bin;C:\Program Files\Microsoft SQL Server\Client SDK\ODBC\110\Tools\Binn\;C:\Program Files (x86)\Microsoft SQL Server\120\Tools\Binn\;C:\Program Files\Microsoft SQL Server\120\Tools\Binn\;C:\Program Files\Microsoft SQL Server\120\DTS\Binn\;C:\Program Files (x86)\Microsoft SQL Server\120\Tools\Binn\ManagementStudio\;C:\Program Files (x86)\Microsoft SQL Server\120\DTS\Binn\;C:\Program Files\Intel\Intel(R) Management Engine Components\DAL;C:\Program Files (x86)\Intel\Intel(R) Management Engine Components\DAL;C:\Program Files\Intel\Intel(R) Management Engine Components\IPT;C:\Program Files (x86)\Intel\Intel(R) Management Engine Components\IPT;C:\Program Files\PuTTY\;C:\Program Files\nodejs\;C:\Program Files (x86)\Skype\Phone\;C:\Program Files\Intel\WiFi\bin\;C:\Program Files\Common Files\Intel\WirelessCommon\;C:\Program Files (x86)\Java\jdk1.8.0_25;C:\Program Files (x86)\Git\bin\;C:\adt-bundle-windows-x86_64-20140702\sdk\platform-tools;C:\Users\sg0949440\AppData\Roaming\Composer\vendor\bin;C:\android-sdk\platform-tools;C:\android-sdk\tools;C:\Appium\node_modules\.bin;C:\Appium\node_modules\.bin;C:\Program Files\Heroku\bin;C:\Users\sg0949440\AppData\Roaming\npm;."/>
    <property name="java.specification.name" value="Java Platform API Specification"/>
    <property name="java.class.version" value="52.0"/>
    <property name="sun.management.compiler" value="HotSpot 64-Bit Tiered Compilers"/>
    <property name="os.version" value="6.1"/>
    <property name="user.home" value="C:\Users\sg0949440"/>
    <property name="user.timezone" value="Europe/Belgrade"/>
    <property name="java.awt.printerjob" value="sun.awt.windows.WPrinterJob"/>
    <property name="java.specification.version" value="1.8"/>
    <property name="file.encoding" value="Cp1252"/>
    <property name="user.name" value="SG0949440"/>
    <property name="java.class.path" value="C:\Program Files\apache-maven-3.3.3\bin\..\boot\plexus-classworlds-2.5.2.jar"/>
    <property name="java.vm.specification.version" value="1.8"/>
    <property name="sun.arch.data.model" value="64"/>
    <property name="java.home" value="C:\Program Files\Java\jdk1.8.0_101\jre"/>
    <property name="sun.java.command" value="org.codehaus.plexus.classworlds.launcher.Launcher clean install -P LOCAL_CHROME"/>
    <property name="java.specification.vendor" value="Oracle Corporation"/>
    <property name="user.language" value="en"/>
    <property name="awt.toolkit" value="sun.awt.windows.WToolkit"/>
    <property name="java.vm.info" value="mixed mode"/>
    <property name="java.version" value="1.8.0_101"/>
    <property name="java.ext.dirs" value="C:\Program Files\Java\jdk1.8.0_101\jre\lib\ext;C:\WINDOWS\Sun\Java\lib\ext"/>
    <property name="sun.boot.class.path" value="C:\Program Files\Java\jdk1.8.0_101\jre\lib\resources.jar;C:\Program Files\Java\jdk1.8.0_101\jre\lib\rt.jar;C:\Program Files\Java\jdk1.8.0_101\jre\lib\sunrsasign.jar;C:\Program Files\Java\jdk1.8.0_101\jre\lib\jsse.jar;C:\Program Files\Java\jdk1.8.0_101\jre\lib\jce.jar;C:\Program Files\Java\jdk1.8.0_101\jre\lib\charsets.jar;C:\Program Files\Java\jdk1.8.0_101\jre\lib\jfr.jar;C:\Program Files\Java\jdk1.8.0_101\jre\classes"/>
    <property name="sun.stderr.encoding" value="cp437"/>
    <property name="java.vendor" value="Oracle Corporation"/>
    <property name="maven.home" value="C:\Program Files\apache-maven-3.3.3\bin\.."/>
    <property name="file.separator" value="\"/>
    <property name="java.vendor.url.bug" value="http://bugreport.sun.com/bugreport/"/>
    <property name="sun.cpu.endian" value="little"/>
    <property name="sun.io.unicode.encoding" value="UnicodeLittle"/>
    <property name="sun.desktop" value="windows"/>
    <property name="sun.cpu.isalist" value="amd64"/>
  </properties>
  <testcase name="should_search_for_animal" classname="com.bottega.ser.GoogleE2ETest" time="1.02">
    <error message="Could not instantiate new WebDriver instance of type class org.openqa.selenium.firefox.FirefoxDriver (Unable to parse remote response: &lt;!DOCTYPE html PUBLIC &quot;-//W3C//DTD HTML 4.01//EN&quot; &quot;http://www.w3.org/TR/html4/strict.dtd&quot;&gt;&#10;&lt;html&gt;&#10;&lt;head&gt;&#10;	&lt;meta http-equiv=&quot;Content-Type&quot; content=&quot;text/html;charset=utf-8&quot;&gt;&#10;	  &lt;script src=&quot;/mwg-internal/de5fs23hu73ds/files/javascript/sw.js&quot; type=&quot;text/javascript&quot; &gt;&lt;/script&gt;&#10;	&lt;title&gt;Blocked Request: http://localhost/session&lt;/title&gt;&#10;	&lt;style type=&quot;text/css&quot;&gt;&#10;		body { padding: 5px }&#10;		p { margin: 1em 0; font-family: Tahoma,Sans; font-size: 12px; color: #333 }&#10;		li { margin: 1em 0; font-family: Tahoma,Sans; font-size: 12px; color: #333 }&#10;	&lt;/style&gt;&#10;&lt;/head&gt;&#10;&lt;body&gt;&#10;	&lt;h1 style=&quot;margin: 0 0 45px 0; font-family: Tahoma,Sans; font-size: 24px; font-weight: bold; color: #900;&quot;&gt;McAfee&lt;/h1&gt;&#10;&lt;!--Contents--&gt;&#10;	&lt;p&gt;The Web request to http://localhost/session has been blocked.&#10;	&lt;p&gt;&lt;b&gt;Reason: Category (Global Blocklist)&lt;/b&gt;&lt;/p&gt;&#10;	&lt;p&gt;If you feel that the Web site you requested has been blocked inappropriately, please contact your system administrator.&lt;/p&gt;&#10;&#10;&lt;!--/Contents--&gt;&#10;&lt;/body&gt;&#10;&lt;/html&gt;&#10;&#10;Build info: version: &apos;3.7.1&apos;, revision: &apos;8a0099a&apos;, time: &apos;2017-11-06T21:01:39.354Z&apos;&#10;System info: host: &apos;DJ6SLV32&apos;, ip: &apos;192.168.56.1&apos;, os.name: &apos;Windows 7&apos;, os.arch: &apos;amd64&apos;, os.version: &apos;6.1&apos;, java.version: &apos;1.8.0_101&apos;&#10;Driver info: driver.version: DefaultRemoteDriver" type="net.thucydides.core.webdriver.UnsupportedDriverException"><![CDATA[net.thucydides.core.webdriver.UnsupportedDriverException: 
Could not instantiate new WebDriver instance of type class org.openqa.selenium.firefox.FirefoxDriver (Unable to parse remote response: <!DOCTYPE html PUBLIC "-//W3C//DTD HTML 4.01//EN" "http://www.w3.org/TR/html4/strict.dtd">
<html>
<head>
	<meta http-equiv="Content-Type" content="text/html;charset=utf-8">
	  <script src="/mwg-internal/de5fs23hu73ds/files/javascript/sw.js" type="text/javascript" ></script>
	<title>Blocked Request: http://localhost/session</title>
	<style type="text/css">
		body { padding: 5px }
		p { margin: 1em 0; font-family: Tahoma,Sans; font-size: 12px; color: #333 }
		li { margin: 1em 0; font-family: Tahoma,Sans; font-size: 12px; color: #333 }
	</style>
</head>
<body>
	<h1 style="margin: 0 0 45px 0; font-family: Tahoma,Sans; font-size: 24px; font-weight: bold; color: #900;">McAfee</h1>
<!--Contents-->
	<p>The Web request to http://localhost/session has been blocked.
	<p><b>Reason: Category (Global Blocklist)</b></p>
	<p>If you feel that the Web site you requested has been blocked inappropriately, please contact your system administrator.</p>

<!--/Contents-->
</body>
</html>

Build info: version: '3.7.1', revision: '8a0099a', time: '2017-11-06T21:01:39.354Z'
System info: host: 'DJ6SLV32', ip: '192.168.56.1', os.name: 'Windows 7', os.arch: 'amd64', os.version: '6.1', java.version: '1.8.0_101'
Driver info: driver.version: DefaultRemoteDriver
	at com.bottega.ser.GoogleE2ETest.should_search_for_animal(GoogleE2ETest.java:23)
]]></error>
    <system-out><![CDATA[[2017-11-22 11:46:24:319] [pool-1-thread-1] INFO Serenity - &amp#27;[36m

-------------------------------------------------------------------------------------
     _______. _______ .______       _______ .__   __.  __  .___________.____    ____ 
    /       ||   ____||   _  \     |   ____||  \ |  | |  | |           |\   \  /   / 
   |   (----`|  |__   |  |_)  |    |  |__   |   \|  | |  | `---|  |----` \   \/   /  
    \   \    |   __|  |      /     |   __|  |  . `  | |  |     |  |       \_    _/   
.----)   |   |  |____ |  |\  \----.|  |____ |  |\   | |  |     |  |         |  |     
|_______/    |_______|| _| `._____||_______||__| \__| |__|     |__|         |__|    
                                                                                     
 News and tutorials at http://www.serenity-bdd.info                                  
 Documentation at https://wakaleo.gitbooks.io/the-serenity-book/content/             
 Join the Serenity Community on Rocket Chat at https://serenity-bdd.rocket.chat      
 Serenity BDD Support and Training at http://serenity-bdd.info/#/trainingandsupport  
 Learn Serenity BDD online at http://serenity-dojo.com                               
-------------------------------------------------------------------------------------
&amp#27;[0m
[2017-11-22 11:46:25:489] [pool-1-thread-1] ERROR Serenity - 
           __  _____ _____ ____ _____   _____ _    ___ _     _____ ____  
  _       / / |_   _| ____/ ___|_   _| |  ___/ \  |_ _| |   | ____|  _ \ 
 (_)_____| |    | | |  _| \___ \ | |   | |_ / _ \  | || |   |  _| | | | |
  _|_____| |    | | | |___ ___) || |   |  _/ ___ \ | || |___| |___| |_| |
 (_)     | |    |_| |_____|____/ |_|   |_|/_/   \_\___|_____|_____|____/ 
          \_\                                                            

TEST FAILED WITH ERROR: Should search for animal
---------------------------------------------------------------------
[2017-11-22 11:46:25:559] [pool-1-thread-1] ERROR Serenity - TEST FAILED AT STEP Opens google page
[2017-11-22 11:46:25:559] [pool-1-thread-1] ERROR Serenity - Could not instantiate class org.openqa.selenium.firefox.FirefoxDriver
[2017-11-22 11:46:24:449] [pool-1-thread-1] INFO Serenity - Test Suite Started: Google E2E test
[2017-11-22 11:46:24:519] [pool-1-thread-1] INFO Serenity - 
 _____ _____ ____ _____   ____ _____  _    ____ _____ _____ ____  
|_   _| ____/ ___|_   _| / ___|_   _|/ \  |  _ \_   _| ____|  _ \ 
  | | |  _| \___ \ | |   \___ \ | | / _ \ | |_) || | |  _| | | | |
  | | | |___ ___) || |    ___) || |/ ___ \|  _ < | | | |___| |_| |
  |_| |_____|____/ |_|   |____/ |_/_/   \_\_| \_\|_| |_____|____/ 
                                                                  

TEST STARTED: should_search_for_animal
-------------------------------------------------------------------
[2017-11-22 11:46:24:519] [pool-1-thread-1] INFO Serenity - TEST NUMBER: 1
[2017-11-22 11:46:25:439] [pool-1-thread-1] ERROR WebDriverFacade - FAILED TO CREATE NEW WEBDRIVER_DRIVER INSTANCE class org.openqa.selenium.firefox.FirefoxDriver: Could not instantiate new WebDriver instance of type class org.openqa.selenium.firefox.FirefoxDriver (Unable to parse remote response: <!DOCTYPE html PUBLIC "-//W3C//DTD HTML 4.01//EN" "http://www.w3.org/TR/html4/strict.dtd">
<html>
<head>
	<meta http-equiv="Content-Type" content="text/html;charset=utf-8">
	  <script src="/mwg-internal/de5fs23hu73ds/files/javascript/sw.js" type="text/javascript" ></script>
	<title>Blocked Request: http://localhost/session</title>
	<style type="text/css">
		body { padding: 5px }
		p { margin: 1em 0; font-family: Tahoma,Sans; font-size: 12px; color: #333 }
		li { margin: 1em 0; font-family: Tahoma,Sans; font-size: 12px; color: #333 }
	</style>
</head>
<body>
	<h1 style="margin: 0 0 45px 0; font-family: Tahoma,Sans; font-size: 24px; font-weight: bold; color: #900;">McAfee</h1>
<!--Contents-->
	<p>The Web request to http://localhost/session has been blocked.
	<p><b>Reason: Category (Global Blocklist)</b></p>
	<p>If you feel that the Web site you requested has been blocked inappropriately, please contact your system administrator.</p>

<!--/Contents-->
</body>
</html>

Build info: version: '3.7.1', revision: '8a0099a', time: '2017-11-06T21:01:39.354Z'
System info: host: 'DJ6SLV32', ip: '192.168.56.1', os.name: 'Windows 7', os.arch: 'amd64', os.version: '6.1', java.version: '1.8.0_101'
Driver info: driver.version: DefaultRemoteDriver
net.thucydides.core.webdriver.UnsupportedDriverException: Could not instantiate new WebDriver instance of type class org.openqa.selenium.firefox.FirefoxDriver (Unable to parse remote response: <!DOCTYPE html PUBLIC "-//W3C//DTD HTML 4.01//EN" "http://www.w3.org/TR/html4/strict.dtd">
<html>
<head>
	<meta http-equiv="Content-Type" content="text/html;charset=utf-8">
	  <script src="/mwg-internal/de5fs23hu73ds/files/javascript/sw.js" type="text/javascript" ></script>
	<title>Blocked Request: http://localhost/session</title>
	<style type="text/css">
		body { padding: 5px }
		p { margin: 1em 0; font-family: Tahoma,Sans; font-size: 12px; color: #333 }
		li { margin: 1em 0; font-family: Tahoma,Sans; font-size: 12px; color: #333 }
	</style>
</head>
<body>
	<h1 style="margin: 0 0 45px 0; font-family: Tahoma,Sans; font-size: 24px; font-weight: bold; color: #900;">McAfee</h1>
<!--Contents-->
	<p>The Web request to http://localhost/session has been blocked.
	<p><b>Reason: Category (Global Blocklist)</b></p>
	<p>If you feel that the Web site you requested has been blocked inappropriately, please contact your system administrator.</p>

<!--/Contents-->
</body>
</html>

Build info: version: '3.7.1', revision: '8a0099a', time: '2017-11-06T21:01:39.354Z'
System info: host: 'DJ6SLV32', ip: '192.168.56.1', os.name: 'Windows 7', os.arch: 'amd64', os.version: '6.1', java.version: '1.8.0_101'
Driver info: driver.version: DefaultRemoteDriver
	at net.thucydides.core.webdriver.WebDriverFactory.newWebdriverInstance(WebDriverFactory.java:133)
	at net.thucydides.core.webdriver.WebDriverFacade.newDriverInstance(WebDriverFacade.java:153)
	at net.thucydides.core.webdriver.WebDriverFacade.newProxyDriver(WebDriverFacade.java:144)
	at net.thucydides.core.webdriver.WebDriverFacade.getProxiedDriver(WebDriverFacade.java:114)
	at net.thucydides.core.webdriver.WebDriverFacade.openIgnoringHtmlUnitScriptErrors(WebDriverFacade.java:189)
	at net.thucydides.core.webdriver.WebDriverFacade.get(WebDriverFacade.java:184)
	at net.serenitybdd.core.pages.PageObject.openPageAtUrl(PageObject.java:831)
	at net.serenitybdd.core.pages.PageObject.open(PageObject.java:741)
	at net.serenitybdd.core.pages.PageObject.open(PageObject.java:729)
	at com.bottega.ser.steps.SearcherSteps.opensGooglePage(SearcherSteps.java:17)
	at com.bottega.ser.steps.SearcherSteps$$EnhancerByCGLIB$$ea6c9e40.CGLIB$opensGooglePage$0(<generated>)
	at com.bottega.ser.steps.SearcherSteps$$EnhancerByCGLIB$$ea6c9e40$$FastClassByCGLIB$$16541a83.invoke(<generated>)
	at net.sf.cglib.proxy.MethodProxy.invokeSuper(MethodProxy.java:228)
	at net.thucydides.core.steps.StepInterceptor.invokeMethod(StepInterceptor.java:425)
	at net.thucydides.core.steps.StepInterceptor.executeTestStepMethod(StepInterceptor.java:410)
	at net.thucydides.core.steps.StepInterceptor.runTestStep(StepInterceptor.java:385)
	at net.thucydides.core.steps.StepInterceptor.testStepResult(StepInterceptor.java:133)
	at net.thucydides.core.steps.StepInterceptor.intercept(StepInterceptor.java:62)
	at com.bottega.ser.steps.SearcherSteps$$EnhancerByCGLIB$$ea6c9e40.opensGooglePage(<generated>)
	at com.bottega.ser.GoogleE2ETest.should_search_for_animal(GoogleE2ETest.java:23)
	at sun.reflect.NativeMethodAccessorImpl.invoke0(Native Method)
	at sun.reflect.NativeMethodAccessorImpl.invoke(NativeMethodAccessorImpl.java:62)
	at sun.reflect.DelegatingMethodAccessorImpl.invoke(DelegatingMethodAccessorImpl.java:43)
	at java.lang.reflect.Method.invoke(Method.java:498)
	at org.junit.runners.model.FrameworkMethod$1.runReflectiveCall(FrameworkMethod.java:50)
	at org.junit.internal.runners.model.ReflectiveCallable.run(ReflectiveCallable.java:12)
	at org.junit.runners.model.FrameworkMethod.invokeExplosively(FrameworkMethod.java:47)
	at org.junit.internal.runners.statements.InvokeMethod.evaluate(InvokeMethod.java:17)
	at net.serenitybdd.junit.runners.SerenityStatement.evaluate(SerenityStatement.java:33)
	at org.junit.runners.ParentRunner.runLeaf(ParentRunner.java:325)
	at org.junit.runners.BlockJUnit4ClassRunner.runChild(BlockJUnit4ClassRunner.java:78)
	at net.serenitybdd.junit.runners.SerenityRunner.performRunChild(SerenityRunner.java:472)
	at net.serenitybdd.junit.runners.SerenityRunner.runChild(SerenityRunner.java:447)
	at net.serenitybdd.junit.runners.SerenityRunner.runChild(SerenityRunner.java:55)
	at org.junit.runners.ParentRunner$3.run(ParentRunner.java:290)
	at org.apache.maven.surefire.junitcore.pc.Scheduler$1.run(Scheduler.java:393)
	at org.apache.maven.surefire.junitcore.pc.InvokerStrategy.schedule(InvokerStrategy.java:54)
	at org.apache.maven.surefire.junitcore.pc.Scheduler.schedule(Scheduler.java:352)
	at org.junit.runners.ParentRunner.runChildren(ParentRunner.java:288)
	at org.junit.runners.ParentRunner.access$000(ParentRunner.java:58)
	at org.junit.runners.ParentRunner$2.evaluate(ParentRunner.java:268)
	at org.junit.runners.ParentRunner.run(ParentRunner.java:363)
	at net.serenitybdd.junit.runners.SerenityRunner.run(SerenityRunner.java:252)
	at org.junit.runners.Suite.runChild(Suite.java:128)
	at org.junit.runners.Suite.runChild(Suite.java:27)
	at org.junit.runners.ParentRunner$3.run(ParentRunner.java:290)
	at org.apache.maven.surefire.junitcore.pc.Scheduler$1.run(Scheduler.java:393)
	at java.util.concurrent.Executors$RunnableAdapter.call(Executors.java:511)
	at java.util.concurrent.FutureTask.run(FutureTask.java:266)
	at java.util.concurrent.ThreadPoolExecutor.runWorker(ThreadPoolExecutor.java:1142)
	at java.util.concurrent.ThreadPoolExecutor$Worker.run(ThreadPoolExecutor.java:617)
	at java.lang.Thread.run(Thread.java:745)
Caused by: org.openqa.selenium.WebDriverException: Unable to parse remote response: <!DOCTYPE html PUBLIC "-//W3C//DTD HTML 4.01//EN" "http://www.w3.org/TR/html4/strict.dtd">
<html>
<head>
	<meta http-equiv="Content-Type" content="text/html;charset=utf-8">
	  <script src="/mwg-internal/de5fs23hu73ds/files/javascript/sw.js" type="text/javascript" ></script>
	<title>Blocked Request: http://localhost/session</title>
	<style type="text/css">
		body { padding: 5px }
		p { margin: 1em 0; font-family: Tahoma,Sans; font-size: 12px; color: #333 }
		li { margin: 1em 0; font-family: Tahoma,Sans; font-size: 12px; color: #333 }
	</style>
</head>
<body>
	<h1 style="margin: 0 0 45px 0; font-family: Tahoma,Sans; font-size: 24px; font-weight: bold; color: #900;">McAfee</h1>
<!--Contents-->
	<p>The Web request to http://localhost/session has been blocked.
	<p><b>Reason: Category (Global Blocklist)</b></p>
	<p>If you feel that the Web site you requested has been blocked inappropriately, please contact your system administrator.</p>

<!--/Contents-->
</body>
</html>

Build info: version: '3.7.1', revision: '8a0099a', time: '2017-11-06T21:01:39.354Z'
System info: host: 'DJ6SLV32', ip: '192.168.56.1', os.name: 'Windows 7', os.arch: 'amd64', os.version: '6.1', java.version: '1.8.0_101'
Driver info: driver.version: DefaultRemoteDriver
	at org.openqa.selenium.remote.ProtocolHandshake.createSession(ProtocolHandshake.java:111)
	at org.openqa.selenium.remote.ProtocolHandshake.createSession(ProtocolHandshake.java:73)
	at org.openqa.selenium.remote.HttpCommandExecutor.execute(HttpCommandExecutor.java:142)
	at org.openqa.selenium.remote.RemoteWebDriver.execute(RemoteWebDriver.java:600)
	at org.openqa.selenium.remote.RemoteWebDriver.startSession(RemoteWebDriver.java:219)
	at org.openqa.selenium.remote.RemoteWebDriver.<init>(RemoteWebDriver.java:142)
	at org.openqa.selenium.remote.RemoteWebDriver.<init>(RemoteWebDriver.java:155)
	at net.serenitybdd.core.webdriver.driverproviders.RemoteDriverBuilder.newRemoteDriver(RemoteDriverBuilder.java:63)
	at net.serenitybdd.core.webdriver.driverproviders.DefaultRemoteDriver.buildWithOptions(DefaultRemoteDriver.java:24)
	at net.serenitybdd.core.webdriver.driverproviders.RemoteDriverProvider.newInstance(RemoteDriverProvider.java:47)
	at net.thucydides.core.webdriver.WebDriverFactory.newWebdriverInstance(WebDriverFactory.java:123)
	... 51 more
]]></system-out>
  </testcase>
</testsuite>